/*C1*/SET SCHEMA SYSTEM_LOBS
INSERT INTO BLOCKS VALUES(0,2147483647,0)
COMMIT
/*C2*/SET SCHEMA PUBLIC
DISCONNECT
/*C4*/SET SCHEMA PUBLIC
DISCONNECT
/*C5*/SET SCHEMA PUBLIC
DISCONNECT
/*C6*/SET SCHEMA PUBLIC
DISCONNECT
/*C7*/SET SCHEMA PUBLIC
DISCONNECT
/*C8*/SET SCHEMA PUBLIC
DISCONNECT
/*C9*/SET SCHEMA PUBLIC
DISCONNECT
/*C10*/SET SCHEMA PUBLIC
DISCONNECT
/*C11*/SET SCHEMA PUBLIC
DISCONNECT
/*C3*/SET SCHEMA PUBLIC
DISCONNECT
/*C12*/SET SCHEMA PUBLIC
DISCONNECT
/*C13*/SET SCHEMA PUBLIC
set schema PUBLIC
/*C14*/SET SCHEMA PUBLIC
DISCONNECT
/*C15*/SET SCHEMA PUBLIC
DISCONNECT
/*C16*/SET SCHEMA PUBLIC
DISCONNECT
/*C17*/SET SCHEMA PUBLIC
DISCONNECT
/*C18*/SET SCHEMA PUBLIC
CREATE TABLE EMPLOYEE(ID INT, FIRSTNAME VARCHAR(250), LASTNAME VARCHAR(250))
/*C19*/SET SCHEMA PUBLIC
INSERT INTO EMPLOYEE VALUES(NULL,'Chris','Mattera')
COMMIT
DISCONNECT
/*C20*/SET SCHEMA PUBLIC
INSERT INTO EMPLOYEE VALUES(NULL,'Jorge','Gomez')
COMMIT
DISCONNECT
/*C21*/SET SCHEMA PUBLIC
INSERT INTO EMPLOYEE VALUES(NULL,'Jorge','Gomez')
COMMIT
DISCONNECT
/*C13*/DISCONNECT
/*C22*/SET SCHEMA PUBLIC
INSERT INTO EMPLOYEE VALUES(NULL,'Jorge','Gomez')
COMMIT
DISCONNECT
/*C23*/SET SCHEMA PUBLIC
INSERT INTO EMPLOYEE VALUES(NULL,'Angel','Arce ')
COMMIT
DISCONNECT
